<?xml version="1.0" encoding="UTF-8"?>
<!-- Generated by org.testng.reporters.JUnitXMLReporter -->
<testsuite hostname="DESKTOP-QL1AS75" ignored="0" name="Default test" tests="10" failures="0" timestamp="20 Apr 2020 21:13:58 GMT" time="40.104" errors="0">
  <testcase name="verifyAmazonHomePageTitle" time="0.16" classname="com.amazon.tests.HomePageTests"/>
  <testcase name="verifyAmazonLogo" time="0.27" classname="com.amazon.tests.HomePageTests"/>
  <testcase name="verifyAmazonLogoClickable" time="4.542" classname="com.amazon.tests.HomePageTests"/>
  <testcase name="verifyTryPrimeLabel" time="0.077" classname="com.amazon.tests.HomePageTests"/>
  <testcase name="verifyTryPrimeLabelColor" time="0.071" classname="com.amazon.tests.HomePageTests"/>
  <testcase name="verifyTryPrimeClickable" time="5.48" classname="com.amazon.tests.HomePageTests"/>
  <testcase name="verifyIconNavBar" time="0.081" classname="com.amazon.tests.HomePageTests"/>
  <testcase name="verifyIconNavbarClickable" time="0.277" classname="com.amazon.tests.HomePageTests"/>
  <testcase name="verifyCloseIconNavBar" time="3.144" classname="com.amazon.tests.HomePageTests"/>
  <testcase name="verifySearchBox" time="8.224" classname="com.amazon.tests.HomePageTests"/>
</testsuite> <!-- Default test -->
