<?xml version="1.0" encoding="UTF-8"?>
<testng-results skipped="0" failed="0" ignored="0" total="10" passed="10">
  <reporter-output>
  </reporter-output>
  <suite name="Default suite" duration-ms="40104" started-at="2020-04-20T21:13:18Z" finished-at="2020-04-20T21:13:58Z">
    <groups>
    </groups>
    <test name="Default test" duration-ms="40104" started-at="2020-04-20T21:13:18Z" finished-at="2020-04-20T21:13:58Z">
      <class name="com.amazon.tests.HomePageTests">
        <test-method status="PASS" signature="launchBrowser()[pri:0, instance:com.amazon.tests.HomePageTests@3aeaafa6]" name="launchBrowser" is-config="true" duration-ms="16873" started-at="2020-04-20T21:13:18Z" finished-at="2020-04-20T21:13:35Z">
          <reporter-output>
          </reporter-output>
        </test-method> <!-- launchBrowser -->
        <test-method status="PASS" signature="verifyAmazonHomePageTitle()[pri:1, instance:com.amazon.tests.HomePageTests@3aeaafa6]" name="verifyAmazonHomePageTitle" duration-ms="160" started-at="2020-04-20T21:13:35Z" finished-at="2020-04-20T21:13:35Z">
          <reporter-output>
          </reporter-output>
        </test-method> <!-- verifyAmazonHomePageTitle -->
        <test-method status="PASS" signature="verifyAmazonLogo()[pri:2, instance:com.amazon.tests.HomePageTests@3aeaafa6]" name="verifyAmazonLogo" duration-ms="270" started-at="2020-04-20T21:13:35Z" finished-at="2020-04-20T21:13:35Z">
          <reporter-output>
          </reporter-output>
        </test-method> <!-- verifyAmazonLogo -->
        <test-method status="PASS" signature="verifyAmazonLogoClickable()[pri:3, instance:com.amazon.tests.HomePageTests@3aeaafa6]" name="verifyAmazonLogoClickable" duration-ms="4542" started-at="2020-04-20T21:13:35Z" finished-at="2020-04-20T21:13:40Z">
          <reporter-output>
          </reporter-output>
        </test-method> <!-- verifyAmazonLogoClickable -->
        <test-method status="PASS" signature="verifyTryPrimeLabel()[pri:4, instance:com.amazon.tests.HomePageTests@3aeaafa6]" name="verifyTryPrimeLabel" duration-ms="77" started-at="2020-04-20T21:13:40Z" finished-at="2020-04-20T21:13:40Z">
          <reporter-output>
          </reporter-output>
        </test-method> <!-- verifyTryPrimeLabel -->
        <test-method status="PASS" signature="verifyTryPrimeLabelColor()[pri:5, instance:com.amazon.tests.HomePageTests@3aeaafa6]" name="verifyTryPrimeLabelColor" duration-ms="71" started-at="2020-04-20T21:13:40Z" finished-at="2020-04-20T21:13:40Z">
          <reporter-output>
          </reporter-output>
        </test-method> <!-- verifyTryPrimeLabelColor -->
        <test-method status="PASS" signature="verifyTryPrimeClickable()[pri:6, instance:com.amazon.tests.HomePageTests@3aeaafa6]" name="verifyTryPrimeClickable" duration-ms="5480" started-at="2020-04-20T21:13:40Z" finished-at="2020-04-20T21:13:45Z">
          <reporter-output>
          </reporter-output>
        </test-method> <!-- verifyTryPrimeClickable -->
        <test-method status="PASS" signature="verifyIconNavBar()[pri:7, instance:com.amazon.tests.HomePageTests@3aeaafa6]" name="verifyIconNavBar" duration-ms="81" started-at="2020-04-20T21:13:45Z" finished-at="2020-04-20T21:13:45Z">
          <reporter-output>
          </reporter-output>
        </test-method> <!-- verifyIconNavBar -->
        <test-method status="PASS" signature="verifyIconNavbarClickable()[pri:8, instance:com.amazon.tests.HomePageTests@3aeaafa6]" name="verifyIconNavbarClickable" duration-ms="277" started-at="2020-04-20T21:13:45Z" finished-at="2020-04-20T21:13:46Z">
          <reporter-output>
          </reporter-output>
        </test-method> <!-- verifyIconNavbarClickable -->
        <test-method status="PASS" signature="verifyCloseIconNavBar()[pri:9, instance:com.amazon.tests.HomePageTests@3aeaafa6]" name="verifyCloseIconNavBar" duration-ms="3144" started-at="2020-04-20T21:13:46Z" finished-at="2020-04-20T21:13:49Z">
          <reporter-output>
          </reporter-output>
        </test-method> <!-- verifyCloseIconNavBar -->
        <test-method status="PASS" signature="verifySearchBox()[pri:10, instance:com.amazon.tests.HomePageTests@3aeaafa6]" name="verifySearchBox" duration-ms="8224" started-at="2020-04-20T21:13:49Z" finished-at="2020-04-20T21:13:57Z">
          <reporter-output>
          </reporter-output>
        </test-method> <!-- verifySearchBox -->
        <test-method status="PASS" signature="quitBrowser()[pri:0, instance:com.amazon.tests.HomePageTests@3aeaafa6]" name="quitBrowser" is-config="true" duration-ms="825" started-at="2020-04-20T21:13:57Z" finished-at="2020-04-20T21:13:58Z">
          <reporter-output>
          </reporter-output>
        </test-method> <!-- quitBrowser -->
      </class> <!-- com.amazon.tests.HomePageTests -->
    </test> <!-- Default test -->
  </suite> <!-- Default suite -->
</testng-results>
