<?xml version="1.0" encoding="UTF-8"?>
<testng-results skipped="0" failed="1" ignored="0" total="15" passed="14">
  <reporter-output>
  </reporter-output>
  <suite name="Default suite" duration-ms="59916" started-at="2020-03-28T09:43:33Z" finished-at="2020-03-28T09:44:33Z">
    <groups>
    </groups>
    <test name="Default test" duration-ms="59916" started-at="2020-03-28T09:43:33Z" finished-at="2020-03-28T09:44:33Z">
      <class name="com.amazon.tests.AmazonTestCases">
        <test-method status="PASS" signature="launchBrowser()[pri:0, instance:com.amazon.tests.AmazonTestCases@28d25987]" name="launchBrowser" is-config="true" duration-ms="19049" started-at="2020-03-28T09:43:33Z" finished-at="2020-03-28T09:43:52Z">
          <reporter-output>
          </reporter-output>
        </test-method> <!-- launchBrowser -->
        <test-method status="PASS" signature="verifyPageTitleTest()[pri:1, instance:com.amazon.tests.AmazonTestCases@28d25987]" name="verifyPageTitleTest" duration-ms="136" started-at="2020-03-28T09:43:52Z" finished-at="2020-03-28T09:43:52Z">
          <reporter-output>
          </reporter-output>
        </test-method> <!-- verifyPageTitleTest -->
        <test-method status="PASS" signature="verifyAmazonLogo()[pri:2, instance:com.amazon.tests.AmazonTestCases@28d25987]" name="verifyAmazonLogo" duration-ms="197" started-at="2020-03-28T09:43:52Z" finished-at="2020-03-28T09:43:52Z">
          <reporter-output>
          </reporter-output>
        </test-method> <!-- verifyAmazonLogo -->
        <test-method status="PASS" signature="verifyAmazonLogoColor()[pri:3, instance:com.amazon.tests.AmazonTestCases@28d25987]" name="verifyAmazonLogoColor" duration-ms="63" started-at="2020-03-28T09:43:52Z" finished-at="2020-03-28T09:43:52Z">
          <reporter-output>
          </reporter-output>
        </test-method> <!-- verifyAmazonLogoColor -->
        <test-method status="PASS" signature="verifyAmazonLogoClickable()[pri:4, instance:com.amazon.tests.AmazonTestCases@28d25987]" name="verifyAmazonLogoClickable" duration-ms="5101" started-at="2020-03-28T09:43:52Z" finished-at="2020-03-28T09:43:57Z">
          <reporter-output>
          </reporter-output>
        </test-method> <!-- verifyAmazonLogoClickable -->
        <test-method status="PASS" signature="verifyTryPrimeLabel()[pri:5, instance:com.amazon.tests.AmazonTestCases@28d25987]" name="verifyTryPrimeLabel" duration-ms="78" started-at="2020-03-28T09:43:57Z" finished-at="2020-03-28T09:43:57Z">
          <reporter-output>
          </reporter-output>
        </test-method> <!-- verifyTryPrimeLabel -->
        <test-method status="PASS" signature="verifyTryPrimeLabelColor()[pri:6, instance:com.amazon.tests.AmazonTestCases@28d25987]" name="verifyTryPrimeLabelColor" duration-ms="42" started-at="2020-03-28T09:43:57Z" finished-at="2020-03-28T09:43:58Z">
          <reporter-output>
          </reporter-output>
        </test-method> <!-- verifyTryPrimeLabelColor -->
        <test-method status="PASS" signature="verifyTryPrimeClickable()[pri:7, instance:com.amazon.tests.AmazonTestCases@28d25987]" name="verifyTryPrimeClickable" duration-ms="1991" started-at="2020-03-28T09:43:58Z" finished-at="2020-03-28T09:43:59Z">
          <reporter-output>
          </reporter-output>
        </test-method> <!-- verifyTryPrimeClickable -->
        <test-method status="PASS" signature="verifyTryPrimePagetitle()[pri:8, instance:com.amazon.tests.AmazonTestCases@28d25987]" name="verifyTryPrimePagetitle" duration-ms="33" started-at="2020-03-28T09:43:59Z" finished-at="2020-03-28T09:44:00Z">
          <reporter-output>
          </reporter-output>
        </test-method> <!-- verifyTryPrimePagetitle -->
        <test-method status="PASS" signature="verifyLoginToPrimeButton()[pri:9, instance:com.amazon.tests.AmazonTestCases@28d25987]" name="verifyLoginToPrimeButton" duration-ms="127" started-at="2020-03-28T09:44:00Z" finished-at="2020-03-28T09:44:00Z">
          <reporter-output>
          </reporter-output>
        </test-method> <!-- verifyLoginToPrimeButton -->
        <test-method status="PASS" signature="verifyLoginToPrimeButtonColor()[pri:10, instance:com.amazon.tests.AmazonTestCases@28d25987]" name="verifyLoginToPrimeButtonColor" duration-ms="3037" started-at="2020-03-28T09:44:00Z" finished-at="2020-03-28T09:44:03Z">
          <reporter-output>
          </reporter-output>
        </test-method> <!-- verifyLoginToPrimeButtonColor -->
        <test-method status="PASS" signature="verifyLoginToPrimeButtonTextColor()[pri:11, instance:com.amazon.tests.AmazonTestCases@28d25987]" name="verifyLoginToPrimeButtonTextColor" duration-ms="3054" started-at="2020-03-28T09:44:03Z" finished-at="2020-03-28T09:44:06Z">
          <reporter-output>
          </reporter-output>
        </test-method> <!-- verifyLoginToPrimeButtonTextColor -->
        <test-method status="PASS" signature="verifyLoginToprimeButtonClickableAnd_BackToAmazonHomePage()[pri:12, instance:com.amazon.tests.AmazonTestCases@28d25987]" name="verifyLoginToprimeButtonClickableAnd_BackToAmazonHomePage" duration-ms="20452" started-at="2020-03-28T09:44:06Z" finished-at="2020-03-28T09:44:26Z">
          <reporter-output>
          </reporter-output>
        </test-method> <!-- verifyLoginToprimeButtonClickableAnd_BackToAmazonHomePage -->
        <test-method status="PASS" signature="verifyIconNavBarLabel()[pri:13, instance:com.amazon.tests.AmazonTestCases@28d25987]" name="verifyIconNavBarLabel" duration-ms="478" started-at="2020-03-28T09:44:26Z" finished-at="2020-03-28T09:44:27Z">
          <reporter-output>
          </reporter-output>
        </test-method> <!-- verifyIconNavBarLabel -->
        <test-method status="PASS" signature="verifyIconNavbarClickable()[pri:14, instance:com.amazon.tests.AmazonTestCases@28d25987]" name="verifyIconNavbarClickable" duration-ms="5704" started-at="2020-03-28T09:44:27Z" finished-at="2020-03-28T09:44:32Z">
          <reporter-output>
          </reporter-output>
        </test-method> <!-- verifyIconNavbarClickable -->
        <test-method status="FAIL" signature="verifyIconNavbarItems()[pri:15, instance:com.amazon.tests.AmazonTestCases@28d25987]" name="verifyIconNavbarItems" duration-ms="175" started-at="2020-03-28T09:44:32Z" finished-at="2020-03-28T09:44:33Z">
          <exception class="org.openqa.selenium.NoSuchElementException">
            <message>
              <![CDATA[no such element: Unable to locate element: {"method":"css selector","selector":"#hmenu-content>ul.hmenu.hmenu-visible>li>a"}
  (Session info: chrome=80.0.3987.149)
For documentation on this error, please visit: http://seleniumhq.org/exceptions/no_such_element.html
Build info: version: '3.14.0', revision: 'aacccce0', time: '2018-08-02T20:19:58.91Z'
System info: host: 'DESKTOP-QL1AS75', ip: '192.168.1.115', os.name: 'Windows 10', os.arch: 'amd64', os.version: '10.0', java.version: '1.8.0_221'
Driver info: org.openqa.selenium.chrome.ChromeDriver
Capabilities {acceptInsecureCerts: false, browserName: chrome, browserVersion: 80.0.3987.149, chrome: {chromedriverVersion: 80.0.3987.106 (f68069574609..., userDataDir: C:\Users\Minal\AppData\Loca...}, goog:chromeOptions: {debuggerAddress: localhost:5114}, javascriptEnabled: true, networkConnectionEnabled: false, pageLoadStrategy: normal, platform: WINDOWS, platformName: WINDOWS, proxy: Proxy(), setWindowRect: true, strictFileInteractability: false, timeouts: {implicit: 0, pageLoad: 300000, script: 30000}, unhandledPromptBehavior: dismiss and notify}
Session ID: 96e84eda44795f980523f3dffbc87d55
*** Element info: {Using=css selector, value=#hmenu-content>ul.hmenu.hmenu-visible>li>a}]]>
            </message>
            <full-stacktrace>
              <![CDATA[org.openqa.selenium.NoSuchElementException: no such element: Unable to locate element: {"method":"css selector","selector":"#hmenu-content>ul.hmenu.hmenu-visible>li>a"}
  (Session info: chrome=80.0.3987.149)
For documentation on this error, please visit: http://seleniumhq.org/exceptions/no_such_element.html
Build info: version: '3.14.0', revision: 'aacccce0', time: '2018-08-02T20:19:58.91Z'
System info: host: 'DESKTOP-QL1AS75', ip: '192.168.1.115', os.name: 'Windows 10', os.arch: 'amd64', os.version: '10.0', java.version: '1.8.0_221'
Driver info: org.openqa.selenium.chrome.ChromeDriver
Capabilities {acceptInsecureCerts: false, browserName: chrome, browserVersion: 80.0.3987.149, chrome: {chromedriverVersion: 80.0.3987.106 (f68069574609..., userDataDir: C:\Users\Minal\AppData\Loca...}, goog:chromeOptions: {debuggerAddress: localhost:5114}, javascriptEnabled: true, networkConnectionEnabled: false, pageLoadStrategy: normal, platform: WINDOWS, platformName: WINDOWS, proxy: Proxy(), setWindowRect: true, strictFileInteractability: false, timeouts: {implicit: 0, pageLoad: 300000, script: 30000}, unhandledPromptBehavior: dismiss and notify}
Session ID: 96e84eda44795f980523f3dffbc87d55
*** Element info: {Using=css selector, value=#hmenu-content>ul.hmenu.hmenu-visible>li>a}
at sun.reflect.NativeConstructorAccessorImpl.newInstance0(Native Method)
at sun.reflect.NativeConstructorAccessorImpl.newInstance(Unknown Source)
at sun.reflect.DelegatingConstructorAccessorImpl.newInstance(Unknown Source)
at java.lang.reflect.Constructor.newInstance(Unknown Source)
at org.openqa.selenium.remote.http.W3CHttpResponseCodec.createException(W3CHttpResponseCodec.java:187)
at org.openqa.selenium.remote.http.W3CHttpResponseCodec.decode(W3CHttpResponseCodec.java:122)
at org.openqa.selenium.remote.http.W3CHttpResponseCodec.decode(W3CHttpResponseCodec.java:49)
at org.openqa.selenium.remote.HttpCommandExecutor.execute(HttpCommandExecutor.java:158)
at org.openqa.selenium.remote.service.DriverCommandExecutor.execute(DriverCommandExecutor.java:83)
at org.openqa.selenium.remote.RemoteWebDriver.execute(RemoteWebDriver.java:548)
at org.openqa.selenium.remote.RemoteWebDriver.findElement(RemoteWebDriver.java:322)
at org.openqa.selenium.remote.RemoteWebDriver.findElementByCssSelector(RemoteWebDriver.java:416)
at org.openqa.selenium.By$ByCssSelector.findElement(By.java:431)
at org.openqa.selenium.remote.RemoteWebDriver.findElement(RemoteWebDriver.java:314)
at com.amazon.keywords.Keywords.getWebElement(Keywords.java:71)
at com.amazon.keywords.Keywords.clickOnElement(Keywords.java:151)
at com.amazon.tests.AmazonTestCases.verifyIconNavbarItems(AmazonTestCases.java:135)
at sun.reflect.NativeMethodAccessorImpl.invoke0(Native Method)
at sun.reflect.NativeMethodAccessorImpl.invoke(Unknown Source)
at sun.reflect.DelegatingMethodAccessorImpl.invoke(Unknown Source)
at java.lang.reflect.Method.invoke(Unknown Source)
at org.testng.internal.MethodInvocationHelper.invokeMethod(MethodInvocationHelper.java:124)
at org.testng.internal.Invoker.invokeMethod(Invoker.java:583)
at org.testng.internal.Invoker.invokeTestMethod(Invoker.java:719)
at org.testng.internal.Invoker.invokeTestMethods(Invoker.java:989)
at org.testng.internal.TestMethodWorker.invokeTestMethods(TestMethodWorker.java:125)
at org.testng.internal.TestMethodWorker.run(TestMethodWorker.java:109)
at org.testng.TestRunner.privateRun(TestRunner.java:648)
at org.testng.TestRunner.run(TestRunner.java:505)
at org.testng.SuiteRunner.runTest(SuiteRunner.java:455)
at org.testng.SuiteRunner.runSequentially(SuiteRunner.java:450)
at org.testng.SuiteRunner.privateRun(SuiteRunner.java:415)
at org.testng.SuiteRunner.run(SuiteRunner.java:364)
at org.testng.SuiteRunnerWorker.runSuite(SuiteRunnerWorker.java:52)
at org.testng.SuiteRunnerWorker.run(SuiteRunnerWorker.java:84)
at org.testng.TestNG.runSuitesSequentially(TestNG.java:1208)
at org.testng.TestNG.runSuitesLocally(TestNG.java:1137)
at org.testng.TestNG.runSuites(TestNG.java:1049)
at org.testng.TestNG.run(TestNG.java:1017)
at org.testng.remote.AbstractRemoteTestNG.run(AbstractRemoteTestNG.java:115)
at org.testng.remote.RemoteTestNG.initAndRun(RemoteTestNG.java:251)
at org.testng.remote.RemoteTestNG.main(RemoteTestNG.java:77)
]]>
            </full-stacktrace>
          </exception> <!-- org.openqa.selenium.NoSuchElementException -->
          <reporter-output>
          </reporter-output>
        </test-method> <!-- verifyIconNavbarItems -->
      </class> <!-- com.amazon.tests.AmazonTestCases -->
    </test> <!-- Default test -->
  </suite> <!-- Default suite -->
</testng-results>
